<?xml version="1.0" encoding="UTF-8"?>
<!-- Generated by org.testng.reporters.JUnitReportReporter -->
<testsuite hostname="DESKTOP-HGBQ36F" failures="0" tests="3" name="com.application" time="12.785" errors="0" timestamp="2022-10-10T20:59:49 IST" skipped="0">
  <testcase classname="com.application" name="loadtime" time="0.160"/>
  <system-out/>
  <testcase classname="com.application" name="search" time="6.441"/>
  <system-out/>
  <testcase classname="com.application" name="scroll" time="6.184"/>
  <system-out/>
</testsuite> <!-- com.application -->
