<?xml version="1.0" encoding="UTF-8"?>
<!-- Generated by org.testng.reporters.JUnitReportReporter -->
<testsuite hostname="DESKTOP-HGBQ36F" failures="0" tests="1" name="testpkg.sample2" time="0.008" errors="0" timestamp="2022-09-27T12:23:39 IST" skipped="0">
  <testcase classname="testpkg.sample2" name="demo" time="0.008"/>
  <system-out/>
</testsuite> <!-- testpkg.sample2 -->
