<?xml version="1.0" encoding="UTF-8"?>
<!-- Generated by org.testng.reporters.JUnitReportReporter -->
<testsuite hostname="DESKTOP-HGBQ36F" failures="0" tests="3" name="loanapplications.HomeLoanApplicationTests" time="0.016" errors="0" timestamp="2022-09-28T10:40:05 IST" skipped="0">
  <testcase classname="loanapplications.HomeLoanApplicationTests" name="HomeLoanLoginMobile" time="0.005"/>
  <system-out/>
  <testcase classname="loanapplications.HomeLoanApplicationTests" name="HomeLoanLoginAPI" time="0.009"/>
  <system-out/>
  <testcase classname="loanapplications.HomeLoanApplicationTests" name="HomeLoanLoginWeb" time="0.002"/>
  <system-out/>
</testsuite> <!-- loanapplications.HomeLoanApplicationTests -->
