<?xml version="1.0" encoding="UTF-8"?>
<!-- Generated by org.testng.reporters.JUnitReportReporter -->
<testsuite hostname="DESKTOP-HGBQ36F" failures="0" tests="3" name="testpkg.ParamTest" time="0.019" errors="0" timestamp="2022-09-28T10:03:26 IST" skipped="0">
  <testcase classname="testpkg.ParamTest" name="applyForLoan" time="0.011"/>
  <system-out/>
  <testcase classname="testpkg.ParamTest" name="applyForLoan" time="0.004"/>
  <system-out/>
  <testcase classname="testpkg.ParamTest" name="applyForLoan" time="0.004"/>
  <system-out/>
</testsuite> <!-- testpkg.ParamTest -->
