<?xml version="1.0" encoding="UTF-8"?>
<!-- Generated by org.testng.reporters.JUnitReportReporter -->
<testsuite hostname="DESKTOP-HGBQ36F" failures="0" tests="2" name="com.application" time="65.264" errors="0" timestamp="2022-10-02T19:03:16 IST" skipped="0">
  <testcase classname="com.application" name="signup" time="39.944"/>
  <system-out/>
  <testcase classname="com.application" name="signin" time="25.320"/>
  <system-out/>
</testsuite> <!-- com.application -->
