<?xml version="1.0" encoding="UTF-8"?>
<!-- Generated by org.testng.reporters.JUnitReportReporter -->
<testsuite hostname="DESKTOP-HGBQ36F" failures="0" tests="3" name="loanapplications.PersonalLoanApplicationTests" time="0.003" errors="0" timestamp="2022-09-28T11:07:17 IST" skipped="0">
  <testcase classname="loanapplications.PersonalLoanApplicationTests" name="PersonalLoanLoginMobile" time="0.001"/>
  <system-out/>
  <testcase classname="loanapplications.PersonalLoanApplicationTests" name="PersonalLoanLoginAPI" time="0.001"/>
  <system-out/>
  <testcase classname="loanapplications.PersonalLoanApplicationTests" name="PersonalLoanLoginWeb" time="0.001"/>
  <system-out/>
</testsuite> <!-- loanapplications.PersonalLoanApplicationTests -->
